<?xml version="1.0" encoding="UTF-8"?>
<!-- Generated by org.testng.reporters.JUnitReportReporter -->
<testsuite skipped="17" hostname="ARASKAR-LAP" name="com.qa.tests.LoginPageTest" tests="18" failures="0" timestamp="16 Mar 2021 12:20:56 GMT" time="4.492" errors="1">
  <testcase name="beforeMethodConfig" time="4.492" classname="com.qa.tests.LoginPageTest">
    <error type="org.openqa.selenium.SessionNotCreatedException" message="session not created: This version of ChromeDriver only supports Chrome version 86
Current browser version is 88.0.4324.150 with binary path C:\Program Files (x86)\Google\Chrome\Application\chrome.exe
Build info: version: &#039;3.6.0&#039;, revision: &#039;6fbf3ec767&#039;, time: &#039;2017-09-27T15:28:36.4Z&#039;
System info: host: &#039;ARASKAR-LAP&#039;, ip: &#039;172.28.32.1&#039;, os.name: &#039;Windows 10&#039;, os.arch: &#039;amd64&#039;, os.version: &#039;10.0&#039;, java.version: &#039;1.8.0_241&#039;
Driver info: driver.version: ChromeDriver
remote stacktrace: Backtrace:
	Ordinal0 [0x011AC013+3194899]
	Ordinal0 [0x01096021+2056225]
	Ordinal0 [0x00F2F608+587272]
	Ordinal0 [0x00EB1BF3+72691]
	Ordinal0 [0x00EAE229+57897]
	Ordinal0 [0x00EAC64A+50762]
	Ordinal0 [0x00ED1EE9+204521]
	Ordinal0 [0x00ED1D0D+204045]
	Ordinal0 [0x00ECFC1B+195611]
	Ordinal0 [0x00EB3B7F+80767]
	Ordinal0 [0x00EB4B4E+84814]
	Ordinal0 [0x00EB4AD9+84697]
	Ordinal0 [0x010ACE64+2149988]
	GetHandleVerifier [0x0131BE95+1400773]
	GetHandleVerifier [0x0131BB61+1399953]
	GetHandleVerifier [0x013231FA+1430314]
	GetHandleVerifier [0x0131C69F+1402831]
	Ordinal0 [0x010A3D61+2112865]
	Ordinal0 [0x010AE5CB+2155979]
	Ordinal0 [0x010AE6F5+2156277]
	Ordinal0 [0x010BF26E+2224750]
	BaseThreadInitThunk [0x76F6FA29+25]
	RtlGetAppContainerNamedObjectPath [0x77AA75F4+228]
	RtlGetAppContainerNamedObjectPath [0x77AA75C4+180]
">
      <![CDATA[org.openqa.selenium.SessionNotCreatedException: session not created: This version of ChromeDriver only supports Chrome version 86
Current browser version is 88.0.4324.150 with binary path C:\Program Files (x86)\Google\Chrome\Application\chrome.exe
Build info: version: '3.6.0', revision: '6fbf3ec767', time: '2017-09-27T15:28:36.4Z'
System info: host: 'ARASKAR-LAP', ip: '172.28.32.1', os.name: 'Windows 10', os.arch: 'amd64', os.version: '10.0', java.version: '1.8.0_241'
Driver info: driver.version: ChromeDriver
remote stacktrace: Backtrace:
Ordinal0 [0x011AC013+3194899]
Ordinal0 [0x01096021+2056225]
Ordinal0 [0x00F2F608+587272]
Ordinal0 [0x00EB1BF3+72691]
Ordinal0 [0x00EAE229+57897]
Ordinal0 [0x00EAC64A+50762]
Ordinal0 [0x00ED1EE9+204521]
Ordinal0 [0x00ED1D0D+204045]
Ordinal0 [0x00ECFC1B+195611]
Ordinal0 [0x00EB3B7F+80767]
Ordinal0 [0x00EB4B4E+84814]
Ordinal0 [0x00EB4AD9+84697]
Ordinal0 [0x010ACE64+2149988]
GetHandleVerifier [0x0131BE95+1400773]
GetHandleVerifier [0x0131BB61+1399953]
GetHandleVerifier [0x013231FA+1430314]
GetHandleVerifier [0x0131C69F+1402831]
Ordinal0 [0x010A3D61+2112865]
Ordinal0 [0x010AE5CB+2155979]
Ordinal0 [0x010AE6F5+2156277]
Ordinal0 [0x010BF26E+2224750]
BaseThreadInitThunk [0x76F6FA29+25]
RtlGetAppContainerNamedObjectPath [0x77AA75F4+228]
RtlGetAppContainerNamedObjectPath [0x77AA75C4+180]

at sun.reflect.NativeConstructorAccessorImpl.newInstance0(Native Method)
at sun.reflect.NativeConstructorAccessorImpl.newInstance(Unknown Source)
at sun.reflect.DelegatingConstructorAccessorImpl.newInstance(Unknown Source)
at java.lang.reflect.Constructor.newInstance(Unknown Source)
at org.openqa.selenium.remote.W3CHandshakeResponse.lambda$new$0(W3CHandshakeResponse.java:57)
at org.openqa.selenium.remote.W3CHandshakeResponse.lambda$getResponseFunction$2(W3CHandshakeResponse.java:104)
at org.openqa.selenium.remote.ProtocolHandshake.lambda$createSession$24(ProtocolHandshake.java:359)
at java.util.stream.ReferencePipeline$3$1.accept(Unknown Source)
at java.util.Spliterators$ArraySpliterator.tryAdvance(Unknown Source)
at java.util.stream.ReferencePipeline.forEachWithCancel(Unknown Source)
at java.util.stream.AbstractPipeline.copyIntoWithCancel(Unknown Source)
at java.util.stream.AbstractPipeline.copyInto(Unknown Source)
at java.util.stream.AbstractPipeline.wrapAndCopyInto(Unknown Source)
at java.util.stream.FindOps$FindOp.evaluateSequential(Unknown Source)
at java.util.stream.AbstractPipeline.evaluate(Unknown Source)
at java.util.stream.ReferencePipeline.findFirst(Unknown Source)
at org.openqa.selenium.remote.ProtocolHandshake.createSession(ProtocolHandshake.java:362)
at org.openqa.selenium.remote.ProtocolHandshake.createSession(ProtocolHandshake.java:136)
at org.openqa.selenium.remote.HttpCommandExecutor.execute(HttpCommandExecutor.java:142)
at org.openqa.selenium.remote.service.DriverCommandExecutor.execute(DriverCommandExecutor.java:83)
at org.openqa.selenium.remote.RemoteWebDriver.execute(RemoteWebDriver.java:586)
at org.openqa.selenium.remote.RemoteWebDriver.startSession(RemoteWebDriver.java:217)
at org.openqa.selenium.remote.RemoteWebDriver.<init>(RemoteWebDriver.java:140)
at org.openqa.selenium.chrome.ChromeDriver.<init>(ChromeDriver.java:181)
at org.openqa.selenium.chrome.ChromeDriver.<init>(ChromeDriver.java:168)
at org.openqa.selenium.chrome.ChromeDriver.<init>(ChromeDriver.java:123)
at com.qa.testbase.TestBase.initialization(TestBase.java:62)
at com.qa.testbase.TestBase.setup(TestBase.java:142)
at com.qa.tests.LoginPageTest.beforeMethodConfig(LoginPageTest.java:94)
at sun.reflect.NativeMethodAccessorImpl.invoke0(Native Method)
at sun.reflect.NativeMethodAccessorImpl.invoke(Unknown Source)
at sun.reflect.DelegatingMethodAccessorImpl.invoke(Unknown Source)
at java.lang.reflect.Method.invoke(Unknown Source)
at org.testng.internal.MethodInvocationHelper.invokeMethod(MethodInvocationHelper.java:124)
at org.testng.internal.MethodInvocationHelper.invokeMethodConsideringTimeout(MethodInvocationHelper.java:59)
at org.testng.internal.Invoker.invokeConfigurationMethod(Invoker.java:458)
at org.testng.internal.Invoker.invokeConfigurations(Invoker.java:222)
at org.testng.internal.Invoker.invokeMethod(Invoker.java:523)
at org.testng.internal.Invoker.invokeTestMethod(Invoker.java:719)
at org.testng.internal.Invoker.invokeTestMethods(Invoker.java:989)
at org.testng.internal.TestMethodWorker.invokeTestMethods(TestMethodWorker.java:125)
at org.testng.internal.TestMethodWorker.run(TestMethodWorker.java:109)
at java.util.concurrent.ThreadPoolExecutor.runWorker(Unknown Source)
at java.util.concurrent.ThreadPoolExecutor$Worker.run(Unknown Source)
at java.lang.Thread.run(Unknown Source)
]]>
    </error>
  </testcase> <!-- beforeMethodConfig -->
  <testcase name="validateLoginToCRM" time="0.000" classname="com.qa.tests.LoginPageTest">
    <skipped/>
  </testcase> <!-- validateLoginToCRM -->
  <testcase name="test1" time="0.000" classname="com.qa.tests.LoginPageTest">
    <skipped/>
  </testcase> <!-- test1 -->
  <testcase name="test2" time="0.000" classname="com.qa.tests.LoginPageTest">
    <skipped/>
  </testcase> <!-- test2 -->
  <testcase name="test3" time="0.000" classname="com.qa.tests.LoginPageTest">
    <skipped/>
  </testcase> <!-- test3 -->
  <testcase name="validateBrokenLinksOnLoginPage" classname="com.qa.tests.LoginPageTest">
    <skipped/>
  </testcase> <!-- validateBrokenLinksOnLoginPage -->
  <testcase name="validateSwitchingToFrame" classname="com.qa.tests.LoginPageTest">
    <skipped/>
  </testcase> <!-- validateSwitchingToFrame -->
  <testcase name="validateOpeningSubMenu" classname="com.qa.tests.LoginPageTest">
    <skipped/>
  </testcase> <!-- validateOpeningSubMenu -->
  <testcase name="validateWindowHandle" classname="com.qa.tests.LoginPageTest">
    <skipped/>
  </testcase> <!-- validateWindowHandle -->
  <testcase name="validateFooterLink" classname="com.qa.tests.LoginPageTest">
    <skipped/>
  </testcase> <!-- validateFooterLink -->
  <testcase name="validateDragAndDrop" classname="com.qa.tests.LoginPageTest">
    <skipped/>
  </testcase> <!-- validateDragAndDrop -->
  <testcase name="validateLoginPageTitle" classname="com.qa.tests.LoginPageTest">
    <skipped/>
  </testcase> <!-- validateLoginPageTitle -->
  <testcase name="validateScrolling" classname="com.qa.tests.LoginPageTest">
    <skipped/>
  </testcase> <!-- validateScrolling -->
  <testcase name="validateLoginWebElements" classname="com.qa.tests.LoginPageTest">
    <skipped/>
  </testcase> <!-- validateLoginWebElements -->
  <testcase name="test4" classname="com.qa.tests.LoginPageTest">
    <skipped/>
  </testcase> <!-- test4 -->
  <testcase name="validateRightClick" classname="com.qa.tests.LoginPageTest">
    <skipped/>
  </testcase> <!-- validateRightClick -->
  <testcase name="refreshBrowser" classname="com.qa.tests.LoginPageTest">
    <skipped/>
  </testcase> <!-- refreshBrowser -->
  <testcase name="validateDoubleClick" classname="com.qa.tests.LoginPageTest">
    <skipped/>
  </testcase> <!-- validateDoubleClick -->
</testsuite> <!-- com.qa.tests.LoginPageTest -->
